Performing C SOURCE FILE Test CMAKE_HAVE_LIBC_PTHREAD failed with the following output:
Change Dir: /home/daksh/VeriFace/model/build/CMakeFiles/CMakeTmp

Run Build Command(s):/usr/bin/make cmTC_67d87/fast && /usr/bin/make  -f CMakeFiles/cmTC_67d87.dir/build.make CMakeFiles/cmTC_67d87.dir/build
make[1]: Entering directory '/home/daksh/VeriFace/model/build/CMakeFiles/CMakeTmp'
Building C object CMakeFiles/cmTC_67d87.dir/src.c.o
/usr/bin/gcc-6 -DCMAKE_HAVE_LIBC_PTHREAD   -o CMakeFiles/cmTC_67d87.dir/src.c.o -c /home/daksh/VeriFace/model/build/CMakeFiles/CMakeTmp/src.c
Linking C executable cmTC_67d87
/snap/cmake/715/bin/cmake -E cmake_link_script CMakeFiles/cmTC_67d87.dir/link.txt --verbose=1
/usr/bin/gcc-6 -rdynamic CMakeFiles/cmTC_67d87.dir/src.c.o -o cmTC_67d87 
CMakeFiles/cmTC_67d87.dir/src.c.o: In function `main':
src.c:(.text+0x3e): undefined reference to `pthread_create'
src.c:(.text+0x4a): undefined reference to `pthread_detach'
src.c:(.text+0x56): undefined reference to `pthread_cancel'
src.c:(.text+0x67): undefined reference to `pthread_join'
src.c:(.text+0x7b): undefined reference to `pthread_atfork'
collect2: error: ld returned 1 exit status
CMakeFiles/cmTC_67d87.dir/build.make:105: recipe for target 'cmTC_67d87' failed
make[1]: *** [cmTC_67d87] Error 1
make[1]: Leaving directory '/home/daksh/VeriFace/model/build/CMakeFiles/CMakeTmp'
Makefile:140: recipe for target 'cmTC_67d87/fast' failed
make: *** [cmTC_67d87/fast] Error 2


Source file was:
#include <pthread.h>

static void* test_func(void* data)
{
  return data;
}

int main(void)
{
  pthread_t thread;
  pthread_create(&thread, NULL, test_func, NULL);
  pthread_detach(thread);
  pthread_cancel(thread);
  pthread_join(thread, NULL);
  pthread_atfork(NULL, NULL, NULL);
  pthread_exit(NULL);

  return 0;
}

Determining if the function pthread_create exists in the pthreads failed with the following output:
Change Dir: /home/daksh/VeriFace/model/build/CMakeFiles/CMakeTmp

Run Build Command(s):/usr/bin/make cmTC_125f6/fast && /usr/bin/make  -f CMakeFiles/cmTC_125f6.dir/build.make CMakeFiles/cmTC_125f6.dir/build
make[1]: Entering directory '/home/daksh/VeriFace/model/build/CMakeFiles/CMakeTmp'
Building C object CMakeFiles/cmTC_125f6.dir/CheckFunctionExists.c.o
/usr/bin/gcc-6   -DCHECK_FUNCTION_EXISTS=pthread_create -o CMakeFiles/cmTC_125f6.dir/CheckFunctionExists.c.o -c /snap/cmake/715/share/cmake-3.19/Modules/CheckFunctionExists.c
Linking C executable cmTC_125f6
/snap/cmake/715/bin/cmake -E cmake_link_script CMakeFiles/cmTC_125f6.dir/link.txt --verbose=1
/usr/bin/gcc-6  -DCHECK_FUNCTION_EXISTS=pthread_create -rdynamic CMakeFiles/cmTC_125f6.dir/CheckFunctionExists.c.o -o cmTC_125f6  -lpthreads 
/usr/bin/x86_64-linux-gnu-ld: cannot find -lpthreads
collect2: error: ld returned 1 exit status
CMakeFiles/cmTC_125f6.dir/build.make:105: recipe for target 'cmTC_125f6' failed
make[1]: *** [cmTC_125f6] Error 1
make[1]: Leaving directory '/home/daksh/VeriFace/model/build/CMakeFiles/CMakeTmp'
Makefile:140: recipe for target 'cmTC_125f6/fast' failed
make: *** [cmTC_125f6/fast] Error 2



