Determining if the pthread_create exist failed with the following output:
Change Dir: /home/daksh/VeriFace/backend/model/build/CMakeFiles/CMakeTmp

Run Build Command:"/usr/bin/make" "cmTC_fbdaf/fast"
/usr/bin/make -f CMakeFiles/cmTC_fbdaf.dir/build.make CMakeFiles/cmTC_fbdaf.dir/build
make[1]: Entering directory '/home/daksh/VeriFace/backend/model/build/CMakeFiles/CMakeTmp'
Building C object CMakeFiles/cmTC_fbdaf.dir/CheckSymbolExists.c.o
/usr/bin/gcc-7    -o CMakeFiles/cmTC_fbdaf.dir/CheckSymbolExists.c.o   -c /home/daksh/VeriFace/backend/model/build/CMakeFiles/CMakeTmp/CheckSymbolExists.c
Linking C executable cmTC_fbdaf
/usr/bin/cmake -E cmake_link_script CMakeFiles/cmTC_fbdaf.dir/link.txt --verbose=1
/usr/bin/gcc-7      -rdynamic CMakeFiles/cmTC_fbdaf.dir/CheckSymbolExists.c.o  -o cmTC_fbdaf 
CMakeFiles/cmTC_fbdaf.dir/CheckSymbolExists.c.o: In function `main':
CheckSymbolExists.c:(.text+0x1b): undefined reference to `pthread_create'
collect2: error: ld returned 1 exit status
CMakeFiles/cmTC_fbdaf.dir/build.make:97: recipe for target 'cmTC_fbdaf' failed
make[1]: *** [cmTC_fbdaf] Error 1
make[1]: Leaving directory '/home/daksh/VeriFace/backend/model/build/CMakeFiles/CMakeTmp'
Makefile:126: recipe for target 'cmTC_fbdaf/fast' failed
make: *** [cmTC_fbdaf/fast] Error 2

File /home/daksh/VeriFace/backend/model/build/CMakeFiles/CMakeTmp/CheckSymbolExists.c:
/* */
#include <pthread.h>

int main(int argc, char** argv)
{
  (void)argv;
#ifndef pthread_create
  return ((int*)(&pthread_create))[argc];
#else
  (void)argc;
  return 0;
#endif
}

Determining if the function pthread_create exists in the pthreads failed with the following output:
Change Dir: /home/daksh/VeriFace/backend/model/build/CMakeFiles/CMakeTmp

Run Build Command:"/usr/bin/make" "cmTC_65047/fast"
/usr/bin/make -f CMakeFiles/cmTC_65047.dir/build.make CMakeFiles/cmTC_65047.dir/build
make[1]: Entering directory '/home/daksh/VeriFace/backend/model/build/CMakeFiles/CMakeTmp'
Building C object CMakeFiles/cmTC_65047.dir/CheckFunctionExists.c.o
/usr/bin/gcc-7   -DCHECK_FUNCTION_EXISTS=pthread_create   -o CMakeFiles/cmTC_65047.dir/CheckFunctionExists.c.o   -c /usr/share/cmake-3.10/Modules/CheckFunctionExists.c
Linking C executable cmTC_65047
/usr/bin/cmake -E cmake_link_script CMakeFiles/cmTC_65047.dir/link.txt --verbose=1
/usr/bin/gcc-7  -DCHECK_FUNCTION_EXISTS=pthread_create    -rdynamic CMakeFiles/cmTC_65047.dir/CheckFunctionExists.c.o  -o cmTC_65047 -lpthreads 
/usr/bin/ld: cannot find -lpthreads
collect2: error: ld returned 1 exit status
CMakeFiles/cmTC_65047.dir/build.make:97: recipe for target 'cmTC_65047' failed
make[1]: *** [cmTC_65047] Error 1
make[1]: Leaving directory '/home/daksh/VeriFace/backend/model/build/CMakeFiles/CMakeTmp'
Makefile:126: recipe for target 'cmTC_65047/fast' failed
make: *** [cmTC_65047/fast] Error 2


