The system is: Linux - sh: 0: getcwd() failed: No such file or directory
5.4.0-51-generic - sh: 0: getcwd() failed: No such file or directory
x86_64
Determining if the C compiler works passed with the following output:
Change Dir: /home/daksh/VeriFace/backend/model/build/CMakeFiles/CMakeTmp

Run Build Command:"/usr/bin/make" "cmTC_e7e7c/fast"
/usr/bin/make -f CMakeFiles/cmTC_e7e7c.dir/build.make CMakeFiles/cmTC_e7e7c.dir/build
make[1]: Entering directory '/home/daksh/VeriFace/backend/model/build/CMakeFiles/CMakeTmp'
Building C object CMakeFiles/cmTC_e7e7c.dir/testCCompiler.c.o
/usr/bin/gcc-6    -o CMakeFiles/cmTC_e7e7c.dir/testCCompiler.c.o   -c /home/daksh/VeriFace/backend/model/build/CMakeFiles/CMakeTmp/testCCompiler.c
Linking C executable cmTC_e7e7c
/usr/bin/cmake -E cmake_link_script CMakeFiles/cmTC_e7e7c.dir/link.txt --verbose=1
/usr/bin/gcc-6      CMakeFiles/cmTC_e7e7c.dir/testCCompiler.c.o  -o cmTC_e7e7c 
make[1]: Leaving directory '/home/daksh/VeriFace/backend/model/build/CMakeFiles/CMakeTmp'


Detecting C compiler ABI info compiled with the following output:
Change Dir: /home/daksh/VeriFace/backend/model/build/CMakeFiles/CMakeTmp

Run Build Command:"/usr/bin/make" "cmTC_6e592/fast"
/usr/bin/make -f CMakeFiles/cmTC_6e592.dir/build.make CMakeFiles/cmTC_6e592.dir/build
make[1]: Entering directory '/home/daksh/VeriFace/backend/model/build/CMakeFiles/CMakeTmp'
Building C object CMakeFiles/cmTC_6e592.dir/CMakeCCompilerABI.c.o
/usr/bin/gcc-6    -o CMakeFiles/cmTC_6e592.dir/CMakeCCompilerABI.c.o   -c /usr/share/cmake-3.10/Modules/CMakeCCompilerABI.c
Linking C executable cmTC_6e592
/usr/bin/cmake -E cmake_link_script CMakeFiles/cmTC_6e592.dir/link.txt --verbose=1
/usr/bin/gcc-6      CMakeFiles/cmTC_6e592.dir/CMakeCCompilerABI.c.o  -o cmTC_6e592 
make[1]: Leaving directory '/home/daksh/VeriFace/backend/model/build/CMakeFiles/CMakeTmp'


Determining if the CXX compiler works passed with the following output:
Change Dir: /home/daksh/VeriFace/backend/model/build/CMakeFiles/CMakeTmp

Run Build Command:"/usr/bin/make" "cmTC_c8dff/fast"
/usr/bin/make -f CMakeFiles/cmTC_c8dff.dir/build.make CMakeFiles/cmTC_c8dff.dir/build
make[1]: Entering directory '/home/daksh/VeriFace/backend/model/build/CMakeFiles/CMakeTmp'
Building CXX object CMakeFiles/cmTC_c8dff.dir/testCXXCompiler.cxx.o
/usr/bin/g++-6     -o CMakeFiles/cmTC_c8dff.dir/testCXXCompiler.cxx.o -c /home/daksh/VeriFace/backend/model/build/CMakeFiles/CMakeTmp/testCXXCompiler.cxx
Linking CXX executable cmTC_c8dff
/usr/bin/cmake -E cmake_link_script CMakeFiles/cmTC_c8dff.dir/link.txt --verbose=1
/usr/bin/g++-6       CMakeFiles/cmTC_c8dff.dir/testCXXCompiler.cxx.o  -o cmTC_c8dff 
make[1]: Leaving directory '/home/daksh/VeriFace/backend/model/build/CMakeFiles/CMakeTmp'


Detecting CXX compiler ABI info compiled with the following output:
Change Dir: /home/daksh/VeriFace/backend/model/build/CMakeFiles/CMakeTmp

Run Build Command:"/usr/bin/make" "cmTC_eb03c/fast"
/usr/bin/make -f CMakeFiles/cmTC_eb03c.dir/build.make CMakeFiles/cmTC_eb03c.dir/build
make[1]: Entering directory '/home/daksh/VeriFace/backend/model/build/CMakeFiles/CMakeTmp'
Building CXX object CMakeFiles/cmTC_eb03c.dir/CMakeCXXCompilerABI.cpp.o
/usr/bin/g++-6     -o CMakeFiles/cmTC_eb03c.dir/CMakeCXXCompilerABI.cpp.o -c /usr/share/cmake-3.10/Modules/CMakeCXXCompilerABI.cpp
Linking CXX executable cmTC_eb03c
/usr/bin/cmake -E cmake_link_script CMakeFiles/cmTC_eb03c.dir/link.txt --verbose=1
/usr/bin/g++-6       CMakeFiles/cmTC_eb03c.dir/CMakeCXXCompilerABI.cpp.o  -o cmTC_eb03c 
make[1]: Leaving directory '/home/daksh/VeriFace/backend/model/build/CMakeFiles/CMakeTmp'


Determining if the include file pthread.h exists passed with the following output:
Change Dir: /home/daksh/VeriFace/backend/model/build/CMakeFiles/CMakeTmp

Run Build Command:"/usr/bin/make" "cmTC_07543/fast"
/usr/bin/make -f CMakeFiles/cmTC_07543.dir/build.make CMakeFiles/cmTC_07543.dir/build
make[1]: Entering directory '/home/daksh/VeriFace/backend/model/build/CMakeFiles/CMakeTmp'
Building C object CMakeFiles/cmTC_07543.dir/CheckIncludeFile.c.o
/usr/bin/gcc-6    -o CMakeFiles/cmTC_07543.dir/CheckIncludeFile.c.o   -c /home/daksh/VeriFace/backend/model/build/CMakeFiles/CMakeTmp/CheckIncludeFile.c
Linking C executable cmTC_07543
/usr/bin/cmake -E cmake_link_script CMakeFiles/cmTC_07543.dir/link.txt --verbose=1
/usr/bin/gcc-6      CMakeFiles/cmTC_07543.dir/CheckIncludeFile.c.o  -o cmTC_07543 
make[1]: Leaving directory '/home/daksh/VeriFace/backend/model/build/CMakeFiles/CMakeTmp'


Determining if the function pthread_create exists in the pthread passed with the following output:
Change Dir: /home/daksh/VeriFace/backend/model/build/CMakeFiles/CMakeTmp

Run Build Command:"/usr/bin/make" "cmTC_9a485/fast"
/usr/bin/make -f CMakeFiles/cmTC_9a485.dir/build.make CMakeFiles/cmTC_9a485.dir/build
make[1]: Entering directory '/home/daksh/VeriFace/backend/model/build/CMakeFiles/CMakeTmp'
Building C object CMakeFiles/cmTC_9a485.dir/CheckFunctionExists.c.o
/usr/bin/gcc-6   -DCHECK_FUNCTION_EXISTS=pthread_create   -o CMakeFiles/cmTC_9a485.dir/CheckFunctionExists.c.o   -c /usr/share/cmake-3.10/Modules/CheckFunctionExists.c
Linking C executable cmTC_9a485
/usr/bin/cmake -E cmake_link_script CMakeFiles/cmTC_9a485.dir/link.txt --verbose=1
/usr/bin/gcc-6  -DCHECK_FUNCTION_EXISTS=pthread_create    CMakeFiles/cmTC_9a485.dir/CheckFunctionExists.c.o  -o cmTC_9a485 -lpthread 
make[1]: Leaving directory '/home/daksh/VeriFace/backend/model/build/CMakeFiles/CMakeTmp'


